<?xml version="1.0" encoding="UTF-8"?>
<!-- Generated by org.testng.reporters.JUnitXMLReporter -->
<testsuite ignored="0" hostname="DESKTOP-8A5NKKO" failures="0" tests="3" name="Test" time="13.43" errors="0" timestamp="2022-03-10T11:46:34 EST">
  <testcase classname="com.facebook.testcases.FacebookLoginTest" name="loginPageTitleTest" time="0.012"/>
  <testcase classname="com.facebook.testcases.FacebookLoginTest" name="validateLogoTest" time="0.05"/>
  <testcase classname="com.facebook.testcases.FacebookLoginTest" name="loginTest" time="0.611"/>
</testsuite> <!-- Test -->
