<?xml version="1.0" encoding="UTF-8"?>
<testng-results ignored="0" total="3" passed="3" failed="0" skipped="0">
  <reporter-output>
  </reporter-output>
  <suite started-at="2022-03-10T11:46:21 EST" name="Suite" finished-at="2022-03-10T11:46:34 EST" duration-ms="13430">
    <groups>
    </groups>
    <test started-at="2022-03-10T11:46:21 EST" name="Test" finished-at="2022-03-10T11:46:34 EST" duration-ms="13430">
      <class name="com.facebook.testcases.FacebookLoginTest">
        <test-method is-config="true" signature="setUp()[pri:0, instance:com.facebook.testcases.FacebookLoginTest@156b88f5]" started-at="2022-03-10T11:46:21 EST" name="setUp" finished-at="2022-03-10T11:46:25 EST" duration-ms="3897" status="PASS">
          <reporter-output>
          </reporter-output>
        </test-method> <!-- setUp -->
        <test-method signature="loginPageTitleTest()[pri:1, instance:com.facebook.testcases.FacebookLoginTest@156b88f5]" started-at="2022-03-10T11:46:25 EST" name="loginPageTitleTest" finished-at="2022-03-10T11:46:25 EST" duration-ms="12" status="PASS">
          <reporter-output>
          </reporter-output>
        </test-method> <!-- loginPageTitleTest -->
        <test-method is-config="true" signature="tearDown()[pri:0, instance:com.facebook.testcases.FacebookLoginTest@156b88f5]" started-at="2022-03-10T11:46:25 EST" name="tearDown" finished-at="2022-03-10T11:46:25 EST" duration-ms="532" status="PASS">
          <reporter-output>
          </reporter-output>
        </test-method> <!-- tearDown -->
        <test-method is-config="true" signature="setUp()[pri:0, instance:com.facebook.testcases.FacebookLoginTest@156b88f5]" started-at="2022-03-10T11:46:25 EST" name="setUp" finished-at="2022-03-10T11:46:29 EST" duration-ms="3600" status="PASS">
          <reporter-output>
          </reporter-output>
        </test-method> <!-- setUp -->
        <test-method signature="validateLogoTest()[pri:2, instance:com.facebook.testcases.FacebookLoginTest@156b88f5]" started-at="2022-03-10T11:46:29 EST" name="validateLogoTest" finished-at="2022-03-10T11:46:29 EST" duration-ms="50" status="PASS">
          <reporter-output>
          </reporter-output>
        </test-method> <!-- validateLogoTest -->
        <test-method is-config="true" signature="tearDown()[pri:0, instance:com.facebook.testcases.FacebookLoginTest@156b88f5]" started-at="2022-03-10T11:46:29 EST" name="tearDown" finished-at="2022-03-10T11:46:29 EST" duration-ms="547" status="PASS">
          <reporter-output>
          </reporter-output>
        </test-method> <!-- tearDown -->
        <test-method is-config="true" signature="setUp()[pri:0, instance:com.facebook.testcases.FacebookLoginTest@156b88f5]" started-at="2022-03-10T11:46:29 EST" name="setUp" finished-at="2022-03-10T11:46:33 EST" duration-ms="3581" status="PASS">
          <reporter-output>
          </reporter-output>
        </test-method> <!-- setUp -->
        <test-method signature="loginTest()[pri:3, instance:com.facebook.testcases.FacebookLoginTest@156b88f5]" started-at="2022-03-10T11:46:33 EST" name="loginTest" finished-at="2022-03-10T11:46:34 EST" duration-ms="611" status="PASS">
          <reporter-output>
          </reporter-output>
        </test-method> <!-- loginTest -->
        <test-method is-config="true" signature="tearDown()[pri:0, instance:com.facebook.testcases.FacebookLoginTest@156b88f5]" started-at="2022-03-10T11:46:34 EST" name="tearDown" finished-at="2022-03-10T11:46:34 EST" duration-ms="574" status="PASS">
          <reporter-output>
          </reporter-output>
        </test-method> <!-- tearDown -->
      </class> <!-- com.facebook.testcases.FacebookLoginTest -->
    </test> <!-- Test -->
  </suite> <!-- Suite -->
</testng-results>
